TN:
SF:src\controllers\orders.controller.js
FN:3,(anonymous_0)
FN:17,(anonymous_1)
FN:32,(anonymous_2)
FN:59,(anonymous_3)
FN:81,(anonymous_4)
FN:82,(anonymous_5)
FN:105,(anonymous_6)
FN:123,isValidStatusTransition
FNF:8
FNH:6
FNDA:2,(anonymous_0)
FNDA:1,(anonymous_1)
FNDA:4,(anonymous_2)
FNDA:2,(anonymous_3)
FNDA:0,(anonymous_4)
FNDA:0,(anonymous_5)
FNDA:1,(anonymous_6)
FNDA:1,isValidStatusTransition
DA:1,1
DA:3,1
DA:4,2
DA:5,2
DA:7,2
DA:8,1
DA:11,1
DA:13,0
DA:17,1
DA:18,1
DA:19,1
DA:23,1
DA:24,1
DA:26,0
DA:28,0
DA:32,1
DA:33,4
DA:34,4
DA:35,1
DA:38,3
DA:40,3
DA:41,1
DA:44,2
DA:45,1
DA:48,1
DA:50,1
DA:52,1
DA:54,0
DA:55,0
DA:59,1
DA:60,2
DA:61,2
DA:62,1
DA:65,1
DA:67,1
DA:71,1
DA:72,0
DA:77,1
DA:78,0
DA:81,1
DA:82,0
DA:83,0
DA:85,1
DA:87,1
DA:95,0
DA:96,0
DA:99,0
DA:101,1
DA:105,1
DA:106,1
DA:107,1
DA:108,1
DA:109,0
DA:111,1
DA:113,0
DA:124,1
DA:131,1
DA:132,1
DA:135,1
DA:136,0
DA:140,1
DA:143,1
LF:62
LH:47
BRDA:7,0,0,1
BRDA:7,0,1,1
BRDA:7,1,0,2
BRDA:7,1,1,2
BRDA:23,2,0,1
BRDA:23,2,1,0
BRDA:23,3,0,1
BRDA:23,3,1,0
BRDA:34,4,0,1
BRDA:34,4,1,3
BRDA:34,5,0,4
BRDA:34,5,1,4
BRDA:40,6,0,1
BRDA:40,6,1,2
BRDA:44,7,0,1
BRDA:44,7,1,1
BRDA:44,8,0,2
BRDA:44,8,1,1
BRDA:61,9,0,1
BRDA:61,9,1,1
BRDA:61,10,0,2
BRDA:61,10,1,2
BRDA:71,11,0,0
BRDA:71,11,1,1
BRDA:71,12,0,1
BRDA:71,12,1,0
BRDA:77,13,0,0
BRDA:77,13,1,1
BRDA:83,14,0,0
BRDA:83,14,1,0
BRDA:95,15,0,0
BRDA:95,15,1,0
BRDA:108,16,0,0
BRDA:108,16,1,1
BRDA:135,17,0,0
BRDA:135,17,1,1
BRDA:135,18,0,1
BRDA:135,18,1,1
BRF:38
BRH:27
end_of_record
TN:
SF:src\controllers\pizzas.controller.js
FN:3,(anonymous_0)
FN:17,(anonymous_1)
FN:29,(anonymous_2)
FN:47,(anonymous_3)
FN:70,(anonymous_4)
FNF:5
FNH:5
FNDA:2,(anonymous_0)
FNDA:2,(anonymous_1)
FNDA:2,(anonymous_2)
FNDA:2,(anonymous_3)
FNDA:2,(anonymous_4)
DA:1,1
DA:3,1
DA:4,2
DA:5,2
DA:7,2
DA:8,1
DA:11,1
DA:13,0
DA:17,1
DA:18,2
DA:19,2
DA:20,2
DA:21,1
DA:23,1
DA:25,0
DA:29,1
DA:30,2
DA:31,2
DA:32,1
DA:35,1
DA:37,1
DA:39,1
DA:41,1
DA:43,0
DA:47,1
DA:48,2
DA:49,2
DA:50,1
DA:53,1
DA:54,1
DA:60,1
DA:61,1
DA:64,0
DA:66,0
DA:70,1
DA:71,2
DA:72,2
DA:73,2
DA:74,1
DA:76,1
DA:78,0
DA:82,1
LF:42
LH:36
BRDA:7,0,0,1
BRDA:7,0,1,1
BRDA:7,1,0,2
BRDA:7,1,1,2
BRDA:20,2,0,1
BRDA:20,2,1,1
BRDA:31,3,0,1
BRDA:31,3,1,1
BRDA:31,4,0,2
BRDA:31,4,1,2
BRDA:49,5,0,1
BRDA:49,5,1,1
BRDA:49,6,0,2
BRDA:49,6,1,2
BRDA:60,7,0,1
BRDA:60,7,1,0
BRDA:73,8,0,1
BRDA:73,8,1,1
BRF:18
BRH:17
end_of_record
TN:
SF:src\controllers\users.controller.js
FN:3,(anonymous_0)
FN:17,(anonymous_1)
FN:29,(anonymous_2)
FN:57,(anonymous_3)
FN:86,(anonymous_4)
FN:98,validationUser
FNF:6
FNH:6
FNDA:2,(anonymous_0)
FNDA:2,(anonymous_1)
FNDA:5,(anonymous_2)
FNDA:4,(anonymous_3)
FNDA:2,(anonymous_4)
FNDA:5,validationUser
DA:1,1
DA:3,1
DA:4,2
DA:5,2
DA:7,2
DA:8,1
DA:11,1
DA:13,0
DA:17,1
DA:18,2
DA:19,2
DA:20,2
DA:21,1
DA:23,1
DA:25,0
DA:29,1
DA:30,5
DA:31,5
DA:32,1
DA:35,4
DA:37,4
DA:38,4
DA:39,1
DA:42,3
DA:43,3
DA:44,2
DA:47,1
DA:49,1
DA:51,1
DA:53,0
DA:57,1
DA:58,4
DA:59,4
DA:60,1
DA:63,3
DA:64,3
DA:70,3
DA:71,1
DA:74,2
DA:75,2
DA:76,1
DA:79,1
DA:81,0
DA:82,0
DA:86,1
DA:87,2
DA:88,2
DA:89,2
DA:90,1
DA:92,1
DA:94,0
DA:99,5
DA:100,2
DA:103,3
DA:104,1
DA:107,2
DA:110,1
LF:57
LH:51
BRDA:7,0,0,1
BRDA:7,0,1,1
BRDA:7,1,0,2
BRDA:7,1,1,2
BRDA:20,2,0,1
BRDA:20,2,1,1
BRDA:31,3,0,1
BRDA:31,3,1,4
BRDA:31,4,0,5
BRDA:31,4,1,5
BRDA:38,5,0,1
BRDA:38,5,1,3
BRDA:43,6,0,2
BRDA:43,6,1,1
BRDA:59,7,0,1
BRDA:59,7,1,3
BRDA:59,8,0,4
BRDA:59,8,1,4
BRDA:70,9,0,1
BRDA:70,9,1,2
BRDA:75,10,0,1
BRDA:75,10,1,1
BRDA:89,11,0,1
BRDA:89,11,1,1
BRDA:99,12,0,2
BRDA:99,12,1,3
BRDA:99,13,0,5
BRDA:99,13,1,5
BRDA:103,14,0,1
BRDA:103,14,1,2
BRF:30
BRH:30
end_of_record
